<?xml version="1.0" encoding="UTF-8"?>
<!-- Generated by org.testng.reporters.JUnitReportReporter -->
<testsuite hostname="MSI" failures="0" tests="1" name="Test_Pack.Base_Classs" time="12.174" errors="0" timestamp="2024-11-26T23:19:33 IST" skipped="0">
  <testcase classname="Test_Pack.Base_Classs" name="setUp" time="12.174"/>
  <system-out/>
</testsuite> <!-- Test_Pack.Base_Classs -->
